2026-06-29 18:38:14,585 - INFO - ETL Pipeline Started
2026-06-29 18:38:15,022 - INFO - Data loaded successfully. Total rows: 10000
2026-06-29 18:38:15,114 - INFO - Data cleaned successfully. Rows after cleaning: 10000
2026-06-29 18:38:16,345 - INFO - Data loaded into clean_sales table successfully
2026-06-29 18:38:16,383 - INFO - ETL Pipeline Execution Completed
2026-06-29 18:45:24,218 - INFO - ETL Pipeline Started
2026-06-29 18:45:24,559 - INFO - Data loaded successfully. Total rows: 10000
2026-06-29 18:45:24,621 - INFO - Data cleaned successfully. Rows after cleaning: 10000
2026-06-29 18:45:25,958 - INFO - Data loaded into clean_sales table successfully
2026-06-29 18:45:25,976 - INFO - ETL Pipeline Execution Completed
2026-06-29 19:02:20,853 - INFO - ETL Pipeline Started
2026-06-29 19:02:21,140 - INFO - Data loaded successfully. Total rows: 10000
2026-06-29 19:02:21,194 - INFO - Data cleaned successfully. Rows after cleaning: 10000
2026-06-29 19:02:22,000 - INFO - Data loaded into clean_sales table successfully
2026-06-29 19:02:22,000 - INFO - ETL Pipeline Execution Completed
2026-06-29 19:06:57,848 - INFO - ETL Pipeline Started
2026-06-29 19:06:58,033 - INFO - Data loaded successfully. Total rows: 10000
2026-06-29 19:06:58,062 - INFO - Data cleaned successfully. Rows after cleaning: 10000
2026-06-29 19:06:58,736 - INFO - Data loaded into clean_sales table successfully
2026-06-29 19:06:58,737 - INFO - ETL Pipeline Execution Completed
2026-06-29 19:07:25,339 - INFO - ETL Pipeline Started
2026-06-29 19:07:25,514 - INFO - Data loaded successfully. Total rows: 10000
2026-06-29 19:07:25,555 - INFO - Data cleaned successfully. Rows after cleaning: 10000
2026-06-29 19:07:26,210 - INFO - Data loaded into clean_sales table successfully
2026-06-29 19:07:26,211 - INFO - ETL Pipeline Execution Completed
2026-06-29 19:17:19,458 - INFO - ETL Pipeline Started
2026-06-29 19:17:19,623 - ERROR - Error occurred: Failed to load data from PostgreSQL: (psycopg2.OperationalError) connection to server at "localhost" (::1), port 5432 failed: FATAL:  database "sales_db" does not exist

(Background on this error at: https://sqlalche.me/e/20/e3q8)
2026-06-29 19:17:19,623 - INFO - ETL Pipeline Execution Completed
2026-06-29 19:17:44,046 - INFO - ETL Pipeline Started
2026-06-29 19:17:44,146 - ERROR - Error occurred: Failed to load data from PostgreSQL: (psycopg2.OperationalError) connection to server at "localhost" (::1), port 5432 failed: FATAL:  database "sales_db" does not exist

(Background on this error at: https://sqlalche.me/e/20/e3q8)
2026-06-29 19:17:44,146 - INFO - ETL Pipeline Execution Completed
